# JRE version: OpenJDK Runtime Environment GraalVM CE 22.3.0 (17.0.5+8) (build 17.0.5+8-jvmci-22.3-b08)
# Java VM: OpenJDK 64-Bit Server VM GraalVM CE 22.3.0 (17.0.5+8-jvmci-22.3-b08, mixed mode, sharing, tiered, jvmci, jvmci compiler, compressed oops, compressed class ptrs, parallel gc, linux-amd64)
GC Precious Log:
 CPUs: 8 total, 1 available
 Memory: 3215M
 Large Page Support: Disabled
 NUMA Support: Disabled
 Compressed Oops: Enabled (32-bit)
 Alignments: Space 512K, Generation 512K, Heap 2M
 Heap Min Capacity: 100M
 Heap Initial Capacity: 100M
 Heap Max Capacity: 512M
 Pre-touch: Disabled
 Parallel Workers: 1
Heap:
 PSYoungGen      total 58368K, used 39936K [0x00000000f5580000, 0x00000000fa280000, 0x0000000100000000)
  eden space 39936K, 100% used [0x00000000f5580000,0x00000000f7c80000,0x00000000f7c80000)
  from space 18432K, 0% used [0x00000000f8e80000,0x00000000f8e80000,0x00000000fa080000)
  to   space 18432K, 0% used [0x00000000f7c80000,0x00000000f7c80000,0x00000000f8e80000)
 ParOldGen       total 349696K, used 349695K [0x00000000e0000000, 0x00000000f5580000, 0x00000000f5580000)
  object space 349696K, 99% used [0x00000000e0000000,0x00000000f557ff48,0x00000000f5580000)
 Metaspace       used 54588K, committed 55424K, reserved 1105920K
  class space    used 5469K, committed 5760K, reserved 1048576K
GC Heap History (20 events):
Event: 382.822 GC heap before
{Heap before GC invocations=890 (full 825):
 PSYoungGen      total 58368K, used 39935K [0x00000000f5580000, 0x00000000fa280000, 0x0000000100000000)
  eden space 39936K, 99% used [0x00000000f5580000,0x00000000f7c7fff8,0x00000000f7c80000)
  from space 18432K, 0% used [0x00000000f8e80000,0x00000000f8e80000,0x00000000fa080000)
  to   space 18432K, 0% used [0x00000000f7c80000,0x00000000f7c80000,0x00000000f8e80000)
 ParOldGen       total 349696K, used 349695K [0x00000000e0000000, 0x00000000f5580000, 0x00000000f5580000)
  object space 349696K, 99% used [0x00000000e0000000,0x00000000f557fdc0,0x00000000f5580000)
 Metaspace       used 54586K, committed 55424K, reserved 1105920K
  class space    used 5469K, committed 5760K, reserved 1048576K
}
Event: 383.219 GC heap after
{Heap after GC invocations=890 (full 825):
 PSYoungGen      total 58368K, used 39935K [0x00000000f5580000, 0x00000000fa280000, 0x0000000100000000)
  eden space 39936K, 99% used [0x00000000f5580000,0x00000000f7c7ffd8,0x00000000f7c80000)
  from space 18432K, 0% used [0x00000000f7c80000,0x00000000f7c80000,0x00000000f8e80000)
  to   space 18432K, 0% used [0x00000000f8e80000,0x00000000f8e80000,0x00000000fa080000)
 ParOldGen       total 349696K, used 349695K [0x00000000e0000000, 0x00000000f5580000, 0x00000000f5580000)
  object space 349696K, 99% used [0x00000000e0000000,0x00000000f557fdc0,0x00000000f5580000)
 Metaspace       used 54586K, committed 55424K, reserved 1105920K
  class space    used 5469K, committed 5760K, reserved 1048576K
}
Event: 383.219 GC heap before
{Heap before GC invocations=891 (full 826):
 PSYoungGen      total 58368K, used 39935K [0x00000000f5580000, 0x00000000fa280000, 0x0000000100000000)
  eden space 39936K, 99% used [0x00000000f5580000,0x00000000f7c7fff8,0x00000000f7c80000)
  from space 18432K, 0% used [0x00000000f7c80000,0x00000000f7c80000,0x00000000f8e80000)
  to   space 18432K, 0% used [0x00000000f8e80000,0x00000000f8e80000,0x00000000fa080000)
 ParOldGen       total 349696K, used 349695K [0x00000000e0000000, 0x00000000f5580000, 0x00000000f5580000)
  object space 349696K, 99% used [0x00000000e0000000,0x00000000f557fdc0,0x00000000f5580000)
 Metaspace       used 54586K, committed 55424K, reserved 1105920K
  class space    used 5469K, committed 5760K, reserved 1048576K
}
Event: 383.599 GC heap after
{Heap after GC invocations=891 (full 826):
 PSYoungGen      total 58368K, used 39935K [0x00000000f5580000, 0x00000000fa280000, 0x0000000100000000)
  eden space 39936K, 99% used [0x00000000f5580000,0x00000000f7c7ffc0,0x00000000f7c80000)
  from space 18432K, 0% used [0x00000000f8e80000,0x00000000f8e80000,0x00000000fa080000)
  to   space 18432K, 0% used [0x00000000f7c80000,0x00000000f7c80000,0x00000000f8e80000)
 ParOldGen       total 349696K, used 349695K [0x00000000e0000000, 0x00000000f5580000, 0x00000000f5580000)
  object space 349696K, 99% used [0x00000000e0000000,0x00000000f557fda0,0x00000000f5580000)
 Metaspace       used 54586K, committed 55424K, reserved 1105920K
  class space    used 5469K, committed 5760K, reserved 1048576K
}
Event: 383.599 GC heap before
{Heap before GC invocations=892 (full 827):
 PSYoungGen      total 58368K, used 39935K [0x00000000f5580000, 0x00000000fa280000, 0x0000000100000000)
  eden space 39936K, 99% used [0x00000000f5580000,0x00000000f7c7fff8,0x00000000f7c80000)
  from space 18432K, 0% used [0x00000000f8e80000,0x00000000f8e80000,0x00000000fa080000)
  to   space 18432K, 0% used [0x00000000f7c80000,0x00000000f7c80000,0x00000000f8e80000)
 ParOldGen       total 349696K, used 349695K [0x00000000e0000000, 0x00000000f5580000, 0x00000000f5580000)
  object space 349696K, 99% used [0x00000000e0000000,0x00000000f557fda0,0x00000000f5580000)
 Metaspace       used 54586K, committed 55424K, reserved 1105920K
  class space    used 5469K, committed 5760K, reserved 1048576K
}
Event: 384.012 GC heap after
{Heap after GC invocations=892 (full 827):
 PSYoungGen      total 58368K, used 39935K [0x00000000f5580000, 0x00000000fa280000, 0x0000000100000000)
  eden space 39936K, 99% used [0x00000000f5580000,0x00000000f7c7ffa0,0x00000000f7c80000)
  from space 18432K, 0% used [0x00000000f7c80000,0x00000000f7c80000,0x00000000f8e80000)
  to   space 18432K, 0% used [0x00000000f8e80000,0x00000000f8e80000,0x00000000fa080000)
 ParOldGen       total 349696K, used 349695K [0x00000000e0000000, 0x00000000f5580000, 0x00000000f5580000)
  object space 349696K, 99% used [0x00000000e0000000,0x00000000f557fd70,0x00000000f5580000)
 Metaspace       used 54586K, committed 55424K, reserved 1105920K
  class space    used 5469K, committed 5760K, reserved 1048576K
}
Event: 384.012 GC heap before
{Heap before GC invocations=893 (full 828):
 PSYoungGen      total 58368K, used 39936K [0x00000000f5580000, 0x00000000fa280000, 0x0000000100000000)
  eden space 39936K, 100% used [0x00000000f5580000,0x00000000f7c80000,0x00000000f7c80000)
  from space 18432K, 0% used [0x00000000f7c80000,0x00000000f7c80000,0x00000000f8e80000)
  to   space 18432K, 0% used [0x00000000f8e80000,0x00000000f8e80000,0x00000000fa080000)
 ParOldGen       total 349696K, used 349695K [0x00000000e0000000, 0x00000000f5580000, 0x00000000f5580000)
  object space 349696K, 99% used [0x00000000e0000000,0x00000000f557fd70,0x00000000f5580000)
 Metaspace       used 54586K, committed 55424K, reserved 1105920K
  class space    used 5469K, committed 5760K, reserved 1048576K
}
Event: 384.400 GC heap after
{Heap after GC invocations=893 (full 828):
 PSYoungGen      total 58368K, used 39935K [0x00000000f5580000, 0x00000000fa280000, 0x0000000100000000)
  eden space 39936K, 99% used [0x00000000f5580000,0x00000000f7c7fff0,0x00000000f7c80000)
  from space 18432K, 0% used [0x00000000f8e80000,0x00000000f8e80000,0x00000000fa080000)
  to   space 18432K, 0% used [0x00000000f7c80000,0x00000000f7c80000,0x00000000f8e80000)
 ParOldGen       total 349696K, used 349695K [0x00000000e0000000, 0x00000000f5580000, 0x00000000f5580000)
  object space 349696K, 99% used [0x00000000e0000000,0x00000000f557fd70,0x00000000f5580000)
 Metaspace       used 54586K, committed 55424K, reserved 1105920K
  class space    used 5469K, committed 5760K, reserved 1048576K
}
Event: 384.400 GC heap before
{Heap before GC invocations=894 (full 829):
 PSYoungGen      total 58368K, used 39936K [0x00000000f5580000, 0x00000000fa280000, 0x0000000100000000)
  eden space 39936K, 100% used [0x00000000f5580000,0x00000000f7c80000,0x00000000f7c80000)
  from space 18432K, 0% used [0x00000000f8e80000,0x00000000f8e80000,0x00000000fa080000)
  to   space 18432K, 0% used [0x00000000f7c80000,0x00000000f7c80000,0x00000000f8e80000)
 ParOldGen       total 349696K, used 349695K [0x00000000e0000000, 0x00000000f5580000, 0x00000000f5580000)
  object space 349696K, 99% used [0x00000000e0000000,0x00000000f557fd70,0x00000000f5580000)
 Metaspace       used 54586K, committed 55424K, reserved 1105920K
  class space    used 5469K, committed 5760K, reserved 1048576K
}
Event: 384.806 GC heap after
{Heap after GC invocations=894 (full 829):
 PSYoungGen      total 58368K, used 39935K [0x00000000f5580000, 0x00000000fa280000, 0x0000000100000000)
  eden space 39936K, 99% used [0x00000000f5580000,0x00000000f7c7ffd0,0x00000000f7c80000)
  from space 18432K, 0% used [0x00000000f7c80000,0x00000000f7c80000,0x00000000f8e80000)
  to   space 18432K, 0% used [0x00000000f8e80000,0x00000000f8e80000,0x00000000fa080000)
 ParOldGen       total 349696K, used 349695K [0x00000000e0000000, 0x00000000f5580000, 0x00000000f5580000)
  object space 349696K, 99% used [0x00000000e0000000,0x00000000f557fd70,0x00000000f5580000)
 Metaspace       used 54586K, committed 55424K, reserved 1105920K
  class space    used 5469K, committed 5760K, reserved 1048576K
}
Event: 384.806 GC heap before
{Heap before GC invocations=895 (full 830):
 PSYoungGen      total 58368K, used 39936K [0x00000000f5580000, 0x00000000fa280000, 0x0000000100000000)
  eden space 39936K, 100% used [0x00000000f5580000,0x00000000f7c80000,0x00000000f7c80000)
  from space 18432K, 0% used [0x00000000f7c80000,0x00000000f7c80000,0x00000000f8e80000)
  to   space 18432K, 0% used [0x00000000f8e80000,0x00000000f8e80000,0x00000000fa080000)
 ParOldGen       total 349696K, used 349695K [0x00000000e0000000, 0x00000000f5580000, 0x00000000f5580000)
  object space 349696K, 99% used [0x00000000e0000000,0x00000000f557fd70,0x00000000f5580000)
 Metaspace       used 54586K, committed 55424K, reserved 1105920K
  class space    used 5469K, committed 5760K, reserved 1048576K
}
Event: 385.202 GC heap after
{Heap after GC invocations=895 (full 830):
 PSYoungGen      total 58368K, used 39936K [0x00000000f5580000, 0x00000000fa280000, 0x0000000100000000)
  eden space 39936K, 100% used [0x00000000f5580000,0x00000000f7c80000,0x00000000f7c80000)
  from space 18432K, 0% used [0x00000000f8e80000,0x00000000f8e80000,0x00000000fa080000)
  to   space 18432K, 0% used [0x00000000f7c80000,0x00000000f7c80000,0x00000000f8e80000)
 ParOldGen       total 349696K, used 349695K [0x00000000e0000000, 0x00000000f5580000, 0x00000000f5580000)
  object space 349696K, 99% used [0x00000000e0000000,0x00000000f557fd70,0x00000000f5580000)
 Metaspace       used 54586K, committed 55424K, reserved 1105920K
  class space    used 5469K, committed 5760K, reserved 1048576K
}
Event: 385.203 GC heap before
{Heap before GC invocations=896 (full 831):
 PSYoungGen      total 58368K, used 39936K [0x00000000f5580000, 0x00000000fa280000, 0x0000000100000000)
  eden space 39936K, 100% used [0x00000000f5580000,0x00000000f7c80000,0x00000000f7c80000)
  from space 18432K, 0% used [0x00000000f8e80000,0x00000000f8e80000,0x00000000fa080000)
  to   space 18432K, 0% used [0x00000000f7c80000,0x00000000f7c80000,0x00000000f8e80000)
 ParOldGen       total 349696K, used 349695K [0x00000000e0000000, 0x00000000f5580000, 0x00000000f5580000)
  object space 349696K, 99% used [0x00000000e0000000,0x00000000f557fe68,0x00000000f5580000)
 Metaspace       used 54587K, committed 55424K, reserved 1105920K
  class space    used 5469K, committed 5760K, reserved 1048576K
}
Event: 385.582 GC heap after
{Heap after GC invocations=896 (full 831):
 PSYoungGen      total 58368K, used 39936K [0x00000000f5580000, 0x00000000fa280000, 0x0000000100000000)
  eden space 39936K, 100% used [0x00000000f5580000,0x00000000f7c80000,0x00000000f7c80000)
  from space 18432K, 0% used [0x00000000f7c80000,0x00000000f7c80000,0x00000000f8e80000)
  to   space 18432K, 0% used [0x00000000f8e80000,0x00000000f8e80000,0x00000000fa080000)
 ParOldGen       total 349696K, used 349695K [0x00000000e0000000, 0x00000000f5580000, 0x00000000f5580000)
  object space 349696K, 99% used [0x00000000e0000000,0x00000000f557fe08,0x00000000f5580000)
 Metaspace       used 54587K, committed 55424K, reserved 1105920K
  class space    used 5469K, committed 5760K, reserved 1048576K
}
Event: 385.582 GC heap before
{Heap before GC invocations=897 (full 832):
 PSYoungGen      total 58368K, used 39936K [0x00000000f5580000, 0x00000000fa280000, 0x0000000100000000)
  eden space 39936K, 100% used [0x00000000f5580000,0x00000000f7c80000,0x00000000f7c80000)
  from space 18432K, 0% used [0x00000000f7c80000,0x00000000f7c80000,0x00000000f8e80000)
  to   space 18432K, 0% used [0x00000000f8e80000,0x00000000f8e80000,0x00000000fa080000)
 ParOldGen       total 349696K, used 349695K [0x00000000e0000000, 0x00000000f5580000, 0x00000000f5580000)
  object space 349696K, 99% used [0x00000000e0000000,0x00000000f557fe08,0x00000000f5580000)
 Metaspace       used 54587K, committed 55424K, reserved 1105920K
  class space    used 5469K, committed 5760K, reserved 1048576K
}
Event: 385.981 GC heap after
{Heap after GC invocations=897 (full 832):
 PSYoungGen      total 58368K, used 39936K [0x00000000f5580000, 0x00000000fa280000, 0x0000000100000000)
  eden space 39936K, 100% used [0x00000000f5580000,0x00000000f7c80000,0x00000000f7c80000)
  from space 18432K, 0% used [0x00000000f8e80000,0x00000000f8e80000,0x00000000fa080000)
  to   space 18432K, 0% used [0x00000000f7c80000,0x00000000f7c80000,0x00000000f8e80000)
 ParOldGen       total 349696K, used 349695K [0x00000000e0000000, 0x00000000f5580000, 0x00000000f5580000)
  object space 349696K, 99% used [0x00000000e0000000,0x00000000f557fe08,0x00000000f5580000)
 Metaspace       used 54587K, committed 55424K, reserved 1105920K
  class space    used 5469K, committed 5760K, reserved 1048576K
}
Event: 385.981 GC heap before
{Heap before GC invocations=898 (full 833):
 PSYoungGen      total 58368K, used 39936K [0x00000000f5580000, 0x00000000fa280000, 0x0000000100000000)
  eden space 39936K, 100% used [0x00000000f5580000,0x00000000f7c80000,0x00000000f7c80000)
  from space 18432K, 0% used [0x00000000f8e80000,0x00000000f8e80000,0x00000000fa080000)
  to   space 18432K, 0% used [0x00000000f7c80000,0x00000000f7c80000,0x00000000f8e80000)
 ParOldGen       total 349696K, used 349695K [0x00000000e0000000, 0x00000000f5580000, 0x00000000f5580000)
  object space 349696K, 99% used [0x00000000e0000000,0x00000000f557fef0,0x00000000f5580000)
 Metaspace       used 54588K, committed 55424K, reserved 1105920K
  class space    used 5469K, committed 5760K, reserved 1048576K
}
Event: 386.393 GC heap after
{Heap after GC invocations=898 (full 833):
 PSYoungGen      total 58368K, used 39935K [0x00000000f5580000, 0x00000000fa280000, 0x0000000100000000)
  eden space 39936K, 99% used [0x00000000f5580000,0x00000000f7c7ffe0,0x00000000f7c80000)
  from space 18432K, 0% used [0x00000000f7c80000,0x00000000f7c80000,0x00000000f8e80000)
  to   space 18432K, 0% used [0x00000000f8e80000,0x00000000f8e80000,0x00000000fa080000)
 ParOldGen       total 349696K, used 349695K [0x00000000e0000000, 0x00000000f5580000, 0x00000000f5580000)
  object space 349696K, 99% used [0x00000000e0000000,0x00000000f557fc00,0x00000000f5580000)
 Metaspace       used 54588K, committed 55424K, reserved 1105920K
  class space    used 5469K, committed 5760K, reserved 1048576K
}
Event: 386.393 GC heap before
{Heap before GC invocations=899 (full 834):
 PSYoungGen      total 58368K, used 39935K [0x00000000f5580000, 0x00000000fa280000, 0x0000000100000000)
  eden space 39936K, 99% used [0x00000000f5580000,0x00000000f7c7ffe0,0x00000000f7c80000)
  from space 18432K, 0% used [0x00000000f7c80000,0x00000000f7c80000,0x00000000f8e80000)
  to   space 18432K, 0% used [0x00000000f8e80000,0x00000000f8e80000,0x00000000fa080000)
 ParOldGen       total 349696K, used 349695K [0x00000000e0000000, 0x00000000f5580000, 0x00000000f5580000)
  object space 349696K, 99% used [0x00000000e0000000,0x00000000f557fc00,0x00000000f5580000)
 Metaspace       used 54588K, committed 55424K, reserved 1105920K
  class space    used 5469K, committed 5760K, reserved 1048576K
}
Event: 386.777 GC heap after
{Heap after GC invocations=899 (full 834):
 PSYoungGen      total 58368K, used 39935K [0x00000000f5580000, 0x00000000fa280000, 0x0000000100000000)
  eden space 39936K, 99% used [0x00000000f5580000,0x00000000f7c7ffe0,0x00000000f7c80000)
  from space 18432K, 0% used [0x00000000f8e80000,0x00000000f8e80000,0x00000000fa080000)
  to   space 18432K, 0% used [0x00000000f7c80000,0x00000000f7c80000,0x00000000f8e80000)
 ParOldGen       total 349696K, used 349695K [0x00000000e0000000, 0x00000000f5580000, 0x00000000f5580000)
  object space 349696K, 99% used [0x00000000e0000000,0x00000000f557fc00,0x00000000f5580000)
 Metaspace       used 54588K, committed 55424K, reserved 1105920K
  class space    used 5469K, committed 5760K, reserved 1048576K
}

